<?xml version="1.0" encoding="UTF-8"?>
<!-- Generated by org.testng.reporters.JUnitXMLReporter -->
<testsuite ignored="0" hostname="IN2361417W3" failures="0" tests="8" name="Default test" time="10.229" errors="0" timestamp="2021-10-17T21:01:27 IST">
  <testcase classname="tests.RestAssuredDemo" name="delete" time="4.594"/>
  <testcase classname="tests.RestAssuredDemo" name="get1" time="1.822"/>
  <testcase classname="tests.RestAssuredDemo" name="get2" time="0.398"/>
  <testcase classname="tests.RestAssuredDemo" name="get3" time="0.947"/>
  <testcase classname="tests.RestAssuredDemo" name="patch" time="0.574"/>
  <testcase classname="tests.RestAssuredDemo" name="post1" time="0.551"/>
  <testcase classname="tests.RestAssuredDemo" name="post2" time="0.68"/>
  <testcase classname="tests.RestAssuredDemo" name="put" time="0.569"/>
</testsuite> <!-- Default test -->
